<?xml version="1.0" encoding="UTF-8"?>
<!-- Generated by org.testng.reporters.JUnitXMLReporter -->
<testsuite ignored="0" hostname="LAPTOP-NU1V4IQS" failures="1" tests="3" name="Test" time="60.164" errors="0" timestamp="2024-07-28T21:57:52 IST">
  <testcase classname="Testcases.LoginTest" name="TC01_LoginFailureTest" time="16.705">
    <failure type="java.lang.AssertionError" message="expected [The email or password you have entered is invalid.] but found [The email or password you have entered is invalid]">
      <![CDATA[java.lang.AssertionError: expected [The email or password you have entered is invalid.] but found [The email or password you have entered is invalid]
at pages.loginpage.ValidateErrorMsg(loginpage.java:57)
at Testcases.LoginTest.TC01_LoginFailureTest(LoginTest.java:26)
at java.base/java.util.ArrayList.forEach(ArrayList.java:1597)
... Removed 31 stack frames]]>
    </failure>
  </testcase> <!-- TC01_LoginFailureTest -->
  <testcase classname="Testcases.LoginTest" name="TC02_LoginSuccessTest" time="11.305"/>
  <testcase classname="Testcases.LoginTest" name="TC03_LoginSuccessTest" time="14.688"/>
</testsuite> <!-- Test -->
