<?xml version="1.0" encoding="UTF-8"?>
<testng-results ignored="3" total="5" passed="2" failed="0" skipped="0">
  <reporter-output>
  </reporter-output>
  <suite started-at="2024-10-20T13:58:27Z" name="sanity" finished-at="2024-10-20T13:58:45Z" duration-ms="17664">
    <groups>
      <group name="sanity">
        <method signature="LoginTest.TC01_LoginFailureTest()[pri:0, instance:Testcases.LoginTest@6a2b953e]" name="TC01_LoginFailureTest" class="Testcases.LoginTest"/>
        <method signature="LoginTest.TC02_LoginSuccessTest()[pri:0, instance:Testcases.LoginTest@6a2b953e]" name="TC02_LoginSuccessTest" class="Testcases.LoginTest"/>
      </group> <!-- sanity -->
    </groups>
    <test started-at="2024-10-20T13:58:27Z" name="Test" finished-at="2024-10-20T13:58:45Z" duration-ms="17664">
      <class name="Testcases.LoginTest">
        <test-method is-config="true" signature="SetUpExcel()[pri:0, instance:Testcases.LoginTest@6a2b953e]" started-at="2024-10-20T13:58:27Z" name="SetUpExcel" finished-at="2024-10-20T13:58:28Z" duration-ms="707" status="PASS">
          <reporter-output>
          </reporter-output>
        </test-method> <!-- SetUpExcel -->
        <test-method is-config="true" signature="SetUpDriver()[pri:0, instance:Testcases.LoginTest@6a2b953e]" started-at="2024-10-20T13:58:28Z" name="SetUpDriver" finished-at="2024-10-20T13:58:35Z" duration-ms="7255" status="PASS">
          <reporter-output>
          </reporter-output>
        </test-method> <!-- SetUpDriver -->
        <test-method is-config="true" signature="SetUpDriver()[pri:0, instance:Testcases.LoginTest@6a2b953e]" started-at="2024-10-20T13:58:28Z" name="SetUpDriver" finished-at="2024-10-20T13:58:34Z" duration-ms="5856" status="PASS">
          <reporter-output>
          </reporter-output>
        </test-method> <!-- SetUpDriver -->
        <test-method signature="TC01_LoginFailureTest()[pri:0, instance:Testcases.LoginTest@6a2b953e]" started-at="2024-10-20T13:58:34Z" name="TC01_LoginFailureTest" description="Login Failiure Test" finished-at="2024-10-20T13:58:43Z" duration-ms="9544" status="PASS">
          <reporter-output>
          </reporter-output>
        </test-method> <!-- TC01_LoginFailureTest -->
        <test-method signature="TC02_LoginSuccessTest()[pri:0, instance:Testcases.LoginTest@6a2b953e]" started-at="2024-10-20T13:58:35Z" name="TC02_LoginSuccessTest" description="Login Success Test" finished-at="2024-10-20T13:58:45Z" duration-ms="9410" status="PASS">
          <reporter-output>
          </reporter-output>
        </test-method> <!-- TC02_LoginSuccessTest -->
        <test-method is-config="true" signature="TearDown()[pri:0, instance:Testcases.LoginTest@6a2b953e]" started-at="2024-10-20T13:58:43Z" name="TearDown" finished-at="2024-10-20T13:58:44Z" duration-ms="289" status="PASS">
          <reporter-output>
          </reporter-output>
        </test-method> <!-- TearDown -->
        <test-method is-config="true" signature="TearDown()[pri:0, instance:Testcases.LoginTest@6a2b953e]" started-at="2024-10-20T13:58:45Z" name="TearDown" finished-at="2024-10-20T13:58:45Z" duration-ms="258" status="PASS">
          <reporter-output>
          </reporter-output>
        </test-method> <!-- TearDown -->
        <test-method is-config="true" signature="CloseExcel()[pri:0, instance:Testcases.LoginTest@6a2b953e]" started-at="2024-10-20T13:58:45Z" name="CloseExcel" finished-at="2024-10-20T13:58:45Z" duration-ms="0" status="PASS">
          <reporter-output>
          </reporter-output>
        </test-method> <!-- CloseExcel -->
      </class> <!-- Testcases.LoginTest -->
    </test> <!-- Test -->
  </suite> <!-- sanity -->
</testng-results>
