-------------------------------------------------------------------------------
Test set: TestSuite
-------------------------------------------------------------------------------
Tests run: 2, Failures: 1, Errors: 0, Skipped: 0, Time elapsed: 63.638 s <<< FAILURE! - in TestSuite
Testcases.LoginTest.TC01_LoginFailureTest  Time elapsed: 23.334 s  <<< FAILURE!
java.lang.AssertionError: expected [The email or password you have entered is invalid.] but found [The email or password you have entered is invalid]
	at Testcases.LoginTest.TC01_LoginFailureTest(LoginTest.java:24)

