<?xml version="1.0" encoding="UTF-8"?>
<!-- Generated by org.testng.reporters.JUnitXMLReporter -->
<testsuite ignored="5" hostname="LAPTOP-NU1V4IQS" failures="0" tests="2" name="Test" time="1.133" errors="0" timestamp="06 Oct 2024 16:53:47 GMT">
  <testcase classname="Testcases.BaseClass" name="@BeforeMethod SetUpDriver" time="0.003">
    <failure type="java.lang.NullPointerException" message="Cannot invoke &amp;quot;String.equalsIgnoreCase(String)&amp;quot; because &amp;quot;browser&amp;quot; is null">
      <![CDATA[java.lang.NullPointerException: Cannot invoke "String.equalsIgnoreCase(String)" because "browser" is null
at Testcases.BaseClass.SetUpDriver(BaseClass.java:29)
... Removed 26 stack frames]]>
    </failure>
  </testcase> <!-- @BeforeMethod SetUpDriver -->
  <testcase classname="Testcases.BaseClass" name="@AfterMethod TearDown" time="0.001">
    <failure type="java.lang.NullPointerException" message="Cannot invoke &amp;quot;org.openqa.selenium.WebDriver.quit()&amp;quot; because &amp;quot;Testcases.BaseClass.driver&amp;quot; is null">
      <![CDATA[java.lang.NullPointerException: Cannot invoke "org.openqa.selenium.WebDriver.quit()" because "Testcases.BaseClass.driver" is null
at Testcases.BaseClass.TearDown(BaseClass.java:48)
... Removed 26 stack frames]]>
    </failure>
  </testcase> <!-- @AfterMethod TearDown -->
  <testcase classname="Testcases.BaseClass" name="@BeforeMethod SetUpDriver" time="0.001">
    <failure type="java.lang.NullPointerException" message="Cannot invoke &amp;quot;String.equalsIgnoreCase(String)&amp;quot; because &amp;quot;browser&amp;quot; is null">
      <![CDATA[java.lang.NullPointerException: Cannot invoke "String.equalsIgnoreCase(String)" because "browser" is null
at Testcases.BaseClass.SetUpDriver(BaseClass.java:29)
... Removed 26 stack frames]]>
    </failure>
  </testcase> <!-- @BeforeMethod SetUpDriver -->
  <testcase classname="Testcases.BaseClass" name="@AfterMethod TearDown" time="0.0">
    <failure type="java.lang.NullPointerException" message="Cannot invoke &amp;quot;org.openqa.selenium.WebDriver.quit()&amp;quot; because &amp;quot;Testcases.BaseClass.driver&amp;quot; is null">
      <![CDATA[java.lang.NullPointerException: Cannot invoke "org.openqa.selenium.WebDriver.quit()" because "Testcases.BaseClass.driver" is null
at Testcases.BaseClass.TearDown(BaseClass.java:48)
... Removed 26 stack frames]]>
    </failure>
  </testcase> <!-- @AfterMethod TearDown -->
  <testcase classname="Testcases.LoginTest" name="TC01_LoginFailureTest" time="0.0">
    <skipped/>
  </testcase> <!-- TC01_LoginFailureTest -->
  <testcase classname="Testcases.LoginTest" name="TC02_LoginSuccessTest" time="0.0">
    <skipped/>
  </testcase> <!-- TC02_LoginSuccessTest -->
  <testcase classname="Testcases.BaseClass" name="@AfterTest CloseExcel" time="0.0">
    <ignored/>
  </testcase> <!-- @AfterTest CloseExcel -->
  <testcase classname="Testcases.LoginTest" name="TC04_LoginSuccessTest" time="0.0">
    <ignored/>
  </testcase> <!-- TC04_LoginSuccessTest -->
  <testcase classname="Testcases.LoginTest" name="TC05_LoginFailureTest" time="0.0">
    <ignored/>
  </testcase> <!-- TC05_LoginFailureTest -->
  <testcase classname="Testcases.LoginTest" name="TC03_LoginSuccessTest" time="0.0">
    <ignored/>
  </testcase> <!-- TC03_LoginSuccessTest -->
  <testcase classname="Testcases.BaseClass" name="@BeforeTest SetUpExcel" time="0.0">
    <ignored/>
  </testcase> <!-- @BeforeTest SetUpExcel -->
</testsuite> <!-- Test -->
