<?xml version="1.0" encoding="UTF-8"?>
<!-- Generated by org.testng.reporters.JUnitXMLReporter -->
<testsuite ignored="3" hostname="LAPTOP-NU1V4IQS" failures="0" tests="2" name="Test" time="22.375" errors="0" timestamp="20 Oct 2024 13:57:57 GMT">
  <testcase classname="Testcases.LoginTest" name="TC01_LoginFailureTest" time="13.808"/>
  <testcase classname="Testcases.LoginTest" name="TC02_LoginSuccessTest" time="15.682"/>
  <testcase classname="Testcases.LoginTest" name="TC04_LoginSuccessTest" time="0.0">
    <ignored/>
  </testcase> <!-- TC04_LoginSuccessTest -->
  <testcase classname="Testcases.LoginTest" name="TC05_LoginFailureTest" time="0.0">
    <ignored/>
  </testcase> <!-- TC05_LoginFailureTest -->
  <testcase classname="Testcases.LoginTest" name="TC03_LoginSuccessTest" time="0.0">
    <ignored/>
  </testcase> <!-- TC03_LoginSuccessTest -->
</testsuite> <!-- Test -->
