<?xml version="1.0" encoding="UTF-8"?>
<testng-results ignored="5" total="7" passed="1" failed="1" skipped="0">
  <reporter-output>
  </reporter-output>
  <suite started-at="2024-10-06T15:12:33Z" name="sanity" finished-at="2024-10-06T15:13:12Z" duration-ms="38651">
    <groups>
      <group name="sanity">
        <method signature="LoginTest.TC01_LoginFailureTest()[pri:0, instance:Testcases.LoginTest@1e683a3e]" name="TC01_LoginFailureTest" class="Testcases.LoginTest"/>
        <method signature="LoginTest.TC02_LoginSuccessTest()[pri:0, instance:Testcases.LoginTest@1e683a3e]" name="TC02_LoginSuccessTest" class="Testcases.LoginTest"/>
      </group> <!-- sanity -->
    </groups>
    <test started-at="2024-10-06T15:12:33Z" name="Test" finished-at="2024-10-06T15:13:12Z" duration-ms="38651">
      <class name="Testcases.LoginTest">
        <test-method is-config="true" signature="SetUpDriver()[pri:0, instance:Testcases.LoginTest@1e683a3e]" started-at="2024-10-06T15:12:35Z" name="SetUpDriver" finished-at="2024-10-06T15:12:42Z" duration-ms="7302" status="PASS">
          <reporter-output>
          </reporter-output>
        </test-method> <!-- SetUpDriver -->
        <test-method signature="TC01_LoginFailureTest()[pri:0, instance:Testcases.LoginTest@1e683a3e]" started-at="2024-10-06T15:12:42Z" name="TC01_LoginFailureTest" description="Login Failiure Test" finished-at="2024-10-06T15:12:55Z" duration-ms="12734" status="FAIL">
          <exception class="java.lang.AssertionError">
            <message>
              <![CDATA[expected [The email or password you have entered is invalid.] but found [The email or password you have entered is invalid]]]>
            </message>
            <full-stacktrace>
              <![CDATA[java.lang.AssertionError: expected [The email or password you have entered is invalid.] but found [The email or password you have entered is invalid]
at org.testng.Assert.fail(Assert.java:96)
at org.testng.Assert.failNotEquals(Assert.java:776)
at org.testng.Assert.assertEqualsImpl(Assert.java:137)
at org.testng.Assert.assertEquals(Assert.java:118)
at org.testng.Assert.assertEquals(Assert.java:453)
at org.testng.Assert.assertEquals(Assert.java:463)
at pages.loginpage.ValidateErrorMsg(loginpage.java:57)
at Testcases.LoginTest.TC01_LoginFailureTest(LoginTest.java:24)
at java.base/jdk.internal.reflect.DirectMethodHandleAccessor.invoke(DirectMethodHandleAccessor.java:103)
at java.base/java.lang.reflect.Method.invoke(Method.java:580)
at org.testng.internal.MethodInvocationHelper.invokeMethod(MethodInvocationHelper.java:124)
at org.testng.internal.Invoker.invokeMethod(Invoker.java:583)
at org.testng.internal.Invoker.invokeTestMethod(Invoker.java:719)
at org.testng.internal.Invoker.invokeTestMethods(Invoker.java:989)
at org.testng.internal.TestMethodWorker.invokeTestMethods(TestMethodWorker.java:125)
at org.testng.internal.TestMethodWorker.run(TestMethodWorker.java:109)
at org.testng.TestRunner.privateRun(TestRunner.java:648)
at org.testng.TestRunner.run(TestRunner.java:505)
at org.testng.SuiteRunner.runTest(SuiteRunner.java:455)
at org.testng.SuiteRunner.runSequentially(SuiteRunner.java:450)
at org.testng.SuiteRunner.privateRun(SuiteRunner.java:415)
at org.testng.SuiteRunner.run(SuiteRunner.java:364)
at org.testng.SuiteRunnerWorker.runSuite(SuiteRunnerWorker.java:52)
at org.testng.SuiteRunnerWorker.run(SuiteRunnerWorker.java:84)
at org.testng.TestNG.runSuitesSequentially(TestNG.java:1208)
at org.testng.TestNG.runSuitesLocally(TestNG.java:1137)
at org.testng.TestNG.runSuites(TestNG.java:1049)
at org.testng.TestNG.run(TestNG.java:1017)
at org.testng.remote.AbstractRemoteTestNG.run(AbstractRemoteTestNG.java:115)
at org.testng.remote.RemoteTestNG.initAndRun(RemoteTestNG.java:293)
at org.testng.remote.RemoteTestNG.main(RemoteTestNG.java:91)
]]>
            </full-stacktrace>
          </exception> <!-- java.lang.AssertionError -->
          <reporter-output>
          </reporter-output>
        </test-method> <!-- TC01_LoginFailureTest -->
        <test-method is-config="true" signature="TearDown()[pri:0, instance:Testcases.LoginTest@1e683a3e]" started-at="2024-10-06T15:12:56Z" name="TearDown" finished-at="2024-10-06T15:12:56Z" duration-ms="347" status="PASS">
          <reporter-output>
          </reporter-output>
        </test-method> <!-- TearDown -->
        <test-method is-config="true" signature="SetUpDriver()[pri:0, instance:Testcases.LoginTest@1e683a3e]" started-at="2024-10-06T15:12:56Z" name="SetUpDriver" finished-at="2024-10-06T15:13:01Z" duration-ms="4899" status="PASS">
          <reporter-output>
          </reporter-output>
        </test-method> <!-- SetUpDriver -->
        <test-method signature="TC02_LoginSuccessTest()[pri:0, instance:Testcases.LoginTest@1e683a3e]" started-at="2024-10-06T15:13:01Z" name="TC02_LoginSuccessTest" description="Login Success Test" finished-at="2024-10-06T15:13:12Z" duration-ms="10849" status="PASS">
          <reporter-output>
          </reporter-output>
        </test-method> <!-- TC02_LoginSuccessTest -->
        <test-method is-config="true" signature="TearDown()[pri:0, instance:Testcases.LoginTest@1e683a3e]" started-at="2024-10-06T15:13:12Z" name="TearDown" finished-at="2024-10-06T15:13:12Z" duration-ms="253" status="PASS">
          <reporter-output>
          </reporter-output>
        </test-method> <!-- TearDown -->
      </class> <!-- Testcases.LoginTest -->
      <class name="Testcases.HomePageTest">
        <test-method is-config="true" signature="SetUpExcel()[pri:0, instance:Testcases.HomePageTest@4de4b452]" started-at="2024-10-06T15:12:34Z" name="SetUpExcel" finished-at="2024-10-06T15:12:35Z" duration-ms="1169" status="PASS">
          <reporter-output>
          </reporter-output>
        </test-method> <!-- SetUpExcel -->
        <test-method is-config="true" signature="CloseExcel()[pri:0, instance:Testcases.HomePageTest@4de4b452]" started-at="2024-10-06T15:13:12Z" name="CloseExcel" finished-at="2024-10-06T15:13:12Z" duration-ms="0" status="PASS">
          <reporter-output>
          </reporter-output>
        </test-method> <!-- CloseExcel -->
      </class> <!-- Testcases.HomePageTest -->
    </test> <!-- Test -->
  </suite> <!-- sanity -->
</testng-results>
