<?xml version="1.0" encoding="UTF-8"?>
<testng-results ignored="3" total="5" passed="2" failed="0" skipped="0">
  <reporter-output>
  </reporter-output>
  <suite started-at="2024-10-20T13:57:35Z" name="sanity" finished-at="2024-10-20T13:57:57Z" duration-ms="22375">
    <groups>
      <group name="sanity">
        <method signature="LoginTest.TC01_LoginFailureTest()[pri:0, instance:Testcases.LoginTest@7ea9e1e2]" name="TC01_LoginFailureTest" class="Testcases.LoginTest"/>
        <method signature="LoginTest.TC02_LoginSuccessTest()[pri:0, instance:Testcases.LoginTest@7ea9e1e2]" name="TC02_LoginSuccessTest" class="Testcases.LoginTest"/>
      </group> <!-- sanity -->
    </groups>
    <test started-at="2024-10-20T13:57:35Z" name="Test" finished-at="2024-10-20T13:57:57Z" duration-ms="22375">
      <class name="Testcases.LoginTest">
        <test-method is-config="true" signature="SetUpExcel()[pri:0, instance:Testcases.LoginTest@7ea9e1e2]" started-at="2024-10-20T13:57:35Z" name="SetUpExcel" finished-at="2024-10-20T13:57:36Z" duration-ms="966" status="PASS">
          <reporter-output>
          </reporter-output>
        </test-method> <!-- SetUpExcel -->
        <test-method is-config="true" signature="SetUpDriver()[pri:0, instance:Testcases.LoginTest@7ea9e1e2]" started-at="2024-10-20T13:57:36Z" name="SetUpDriver" finished-at="2024-10-20T13:57:41Z" duration-ms="5292" status="PASS">
          <reporter-output>
          </reporter-output>
        </test-method> <!-- SetUpDriver -->
        <test-method is-config="true" signature="SetUpDriver()[pri:0, instance:Testcases.LoginTest@7ea9e1e2]" started-at="2024-10-20T13:57:36Z" name="SetUpDriver" finished-at="2024-10-20T13:57:42Z" duration-ms="6379" status="PASS">
          <reporter-output>
          </reporter-output>
        </test-method> <!-- SetUpDriver -->
        <test-method signature="TC02_LoginSuccessTest()[pri:0, instance:Testcases.LoginTest@7ea9e1e2]" started-at="2024-10-20T13:57:41Z" name="TC02_LoginSuccessTest" description="Login Success Test" finished-at="2024-10-20T13:57:57Z" duration-ms="15682" status="PASS">
          <reporter-output>
          </reporter-output>
        </test-method> <!-- TC02_LoginSuccessTest -->
        <test-method signature="TC01_LoginFailureTest()[pri:0, instance:Testcases.LoginTest@7ea9e1e2]" started-at="2024-10-20T13:57:42Z" name="TC01_LoginFailureTest" description="Login Failiure Test" finished-at="2024-10-20T13:57:56Z" duration-ms="13808" status="PASS">
          <reporter-output>
          </reporter-output>
        </test-method> <!-- TC01_LoginFailureTest -->
        <test-method is-config="true" signature="TearDown()[pri:0, instance:Testcases.LoginTest@7ea9e1e2]" started-at="2024-10-20T13:57:56Z" name="TearDown" finished-at="2024-10-20T13:57:56Z" duration-ms="511" status="PASS">
          <reporter-output>
          </reporter-output>
        </test-method> <!-- TearDown -->
        <test-method is-config="true" signature="TearDown()[pri:0, instance:Testcases.LoginTest@7ea9e1e2]" started-at="2024-10-20T13:57:57Z" name="TearDown" finished-at="2024-10-20T13:57:57Z" duration-ms="402" status="PASS">
          <reporter-output>
          </reporter-output>
        </test-method> <!-- TearDown -->
        <test-method is-config="true" signature="CloseExcel()[pri:0, instance:Testcases.LoginTest@7ea9e1e2]" started-at="2024-10-20T13:57:57Z" name="CloseExcel" finished-at="2024-10-20T13:57:57Z" duration-ms="0" status="PASS">
          <reporter-output>
          </reporter-output>
        </test-method> <!-- CloseExcel -->
      </class> <!-- Testcases.LoginTest -->
    </test> <!-- Test -->
  </suite> <!-- sanity -->
</testng-results>
