<?xml version="1.0" encoding="UTF-8"?>
<!-- Generated by org.testng.reporters.JUnitXMLReporter -->
<testsuite ignored="5" hostname="LAPTOP-NU1V4IQS" failures="0" tests="2" name="Test" time="0.911" errors="0" timestamp="06 Oct 2024 16:51:32 GMT">
  <testcase classname="Testcases.BaseClass" name="@BeforeMethod SetUpDriver" time="0.0">
    <failure type="java.lang.NullPointerException">
      <![CDATA[java.lang.NullPointerException
at Testcases.BaseClass.SetUpDriver(BaseClass.java:30)
... Removed 32 stack frames]]>
    </failure>
  </testcase> <!-- @BeforeMethod SetUpDriver -->
  <testcase classname="Testcases.BaseClass" name="@AfterMethod TearDown" time="0.0">
    <failure type="java.lang.NullPointerException">
      <![CDATA[java.lang.NullPointerException
at Testcases.BaseClass.TearDown(BaseClass.java:48)
... Removed 32 stack frames]]>
    </failure>
  </testcase> <!-- @AfterMethod TearDown -->
  <testcase classname="Testcases.BaseClass" name="@BeforeMethod SetUpDriver" time="0.0">
    <failure type="java.lang.NullPointerException">
      <![CDATA[java.lang.NullPointerException
at Testcases.BaseClass.SetUpDriver(BaseClass.java:30)
... Removed 32 stack frames]]>
    </failure>
  </testcase> <!-- @BeforeMethod SetUpDriver -->
  <testcase classname="Testcases.BaseClass" name="@AfterMethod TearDown" time="0.0">
    <failure type="java.lang.NullPointerException">
      <![CDATA[java.lang.NullPointerException
at Testcases.BaseClass.TearDown(BaseClass.java:48)
... Removed 32 stack frames]]>
    </failure>
  </testcase> <!-- @AfterMethod TearDown -->
  <testcase classname="Testcases.LoginTest" name="TC01_LoginFailureTest" time="0.0">
    <skipped/>
  </testcase> <!-- TC01_LoginFailureTest -->
  <testcase classname="Testcases.LoginTest" name="TC02_LoginSuccessTest" time="0.0">
    <skipped/>
  </testcase> <!-- TC02_LoginSuccessTest -->
  <testcase classname="Testcases.BaseClass" name="@AfterTest CloseExcel" time="0.0">
    <ignored/>
  </testcase> <!-- @AfterTest CloseExcel -->
  <testcase classname="Testcases.LoginTest" name="TC04_LoginSuccessTest" time="0.0">
    <ignored/>
  </testcase> <!-- TC04_LoginSuccessTest -->
  <testcase classname="Testcases.LoginTest" name="TC05_LoginFailureTest" time="0.0">
    <ignored/>
  </testcase> <!-- TC05_LoginFailureTest -->
  <testcase classname="Testcases.LoginTest" name="TC03_LoginSuccessTest" time="0.0">
    <ignored/>
  </testcase> <!-- TC03_LoginSuccessTest -->
  <testcase classname="Testcases.BaseClass" name="@BeforeTest SetUpExcel" time="0.0">
    <ignored/>
  </testcase> <!-- @BeforeTest SetUpExcel -->
</testsuite> <!-- Test -->
